
**********************************************************
**********************************************************
You are using "WSL" as a terminal, if you get an
error please read the pre-requisites for Microsoft WSL.
https://scully.io/docs/learn/getting-started/installation/
**********************************************************
**********************************************************
      

**********************************************************
**********************************************************
You are using "WSL" as a terminal, if you get an
error please read the pre-requisites for Microsoft WSL.
https://scully.io/docs/learn/getting-started/installation/
**********************************************************
**********************************************************
      

----------------------------------
Using stored unhandled routes!.
   To discover new routes in the angular app use "npm run scully -- --scanRoutes"
----------------------------------

----------------------------------
Using stored unhandled routes!.
   To discover new routes in the angular app use "npm run scully -- --scanRoutes"
----------------------------------
